[    0.000000] Initializing cgroup subsys cpuset
[    0.000000] Initializing cgroup subsys cpu
[    0.000000] Initializing cgroup subsys cpuacct
[    0.000000] Linux version 4.4.0-78-generic (buildd@lgw01-39) (gcc version 5.4.0 20160609 (Ubuntu 5.4.0-6ubuntu1~16.04.4) ) #99-Ubuntu SMP Thu Apr 27 15:28:22 UTC 2017 (Ubuntu 4.4.0-78.99-generic 4.4.62)
[    0.000000] KERNEL supported cpus:
[    0.000000]   Intel GenuineIntel
[    0.000000]   AMD AuthenticAMD
[    0.000000]   NSC Geode by NSC
[    0.000000]   Cyrix CyrixInstead
[    0.000000]   Centaur CentaurHauls
[    0.000000]   Transmeta GenuineTMx86
[    0.000000]   Transmeta TransmetaCPU
[    0.000000]   UMC UMC UMC UMC
[    0.000000] x86/fpu: xstate_offset[2]:  576, xstate_sizes[2]:  256
[    0.000000] x86/fpu: Supporting XSAVE feature 0x01: 'x87 floating point registers'
[    0.000000] x86/fpu: Supporting XSAVE feature 0x02: 'SSE registers'
[    0.000000] x86/fpu: Supporting XSAVE feature 0x04: 'AVX registers'
[    0.000000] x86/fpu: Enabled xstate features 0x7, context size is 832 bytes, using 'standard' format.
[    0.000000] x86/fpu: Using 'lazy' FPU context switches.
[    0.000000] e820: BIOS-provided physical RAM map:
[    0.000000] BIOS-e820: [mem 0x0000000000000000-0x000000000009fbff] usable
[    0.000000] BIOS-e820: [mem 0x000000000009fc00-0x000000000009ffff] reserved
[    0.000000] BIOS-e820: [mem 0x00000000000f0000-0x00000000000fffff] reserved
[    0.000000] BIOS-e820: [mem 0x0000000000100000-0x000000003ffeffff] usable
[    0.000000] BIOS-e820: [mem 0x000000003fff0000-0x000000003fffffff] ACPI data
[    0.000000] BIOS-e820: [mem 0x00000000fffc0000-0x00000000ffffffff] reserved
[    0.000000] NX (Execute Disable) protection: active
[    0.000000] SMBIOS 2.5 present.
[    0.000000] Hypervisor detected: KVM
[    0.000000] e820: last_pfn = 0x3fff0 max_arch_pfn = 0x1000000
[    0.000000] MTRR: Disabled
[    0.000000] x86/PAT: MTRRs disabled, skipping PAT initialization too.
[    0.000000] x86/PAT: Configuration [0-7]: WB  WT  UC- UC  WB  WT  UC- UC  
[    0.000000] CPU MTRRs all blank - virtualized system.
[    0.000000] found SMP MP-table at [mem 0x0009fff0-0x0009ffff] mapped at [c009fff0]
[    0.000000] Scanning 1 areas for low memory corruption
[    0.000000] RAMDISK: [mem 0x36aec000-0x3756dfff]
[    0.000000] ACPI: Early table checksum verification disabled
[    0.000000] ACPI: RSDP 0x00000000000E0000 000024 (v02 VBOX  )
[    0.000000] ACPI: XSDT 0x000000003FFF0030 00003C (v01 VBOX   VBOXXSDT 00000001 ASL  00000061)
[    0.000000] ACPI: FACP 0x000000003FFF00F0 0000F4 (v04 VBOX   VBOXFACP 00000001 ASL  00000061)
[    0.000000] ACPI: DSDT 0x000000003FFF0470 002118 (v01 VBOX   VBOXBIOS 00000002 INTL 20140214)
[    0.000000] ACPI: FACS 0x000000003FFF0200 000040
[    0.000000] ACPI: FACS 0x000000003FFF0200 000040
[    0.000000] ACPI: APIC 0x000000003FFF0240 00005C (v02 VBOX   VBOXAPIC 00000001 ASL  00000061)
[    0.000000] ACPI: SSDT 0x000000003FFF02A0 0001CC (v01 VBOX   VBOXCPUT 00000002 INTL 20140214)
[    0.000000] 131MB HIGHMEM available.
[    0.000000] 891MB LOWMEM available.
[    0.000000]   mapped low ram: 0 - 37bfe000
[    0.000000]   low ram: 0 - 37bfe000
[    0.000000] kvm-clock: Using msrs 4b564d01 and 4b564d00
[    0.000000] kvm-clock: cpu 0, msr 0:37bfd001, primary cpu clock
[    0.000000] kvm-clock: using sched offset of 3345918557 cycles
[    0.000000] clocksource: kvm-clock: mask: 0xffffffffffffffff max_cycles: 0x1cd42e4dffb, max_idle_ns: 881590591483 ns
[    0.000000] Zone ranges:
[    0.000000]   DMA      [mem 0x0000000000001000-0x0000000000ffffff]
[    0.000000]   Normal   [mem 0x0000000001000000-0x0000000037bfdfff]
[    0.000000]   HighMem  [mem 0x0000000037bfe000-0x000000003ffeffff]
[    0.000000] Movable zone start for each node
[    0.000000] Early memory node ranges
[    0.000000]   node   0: [mem 0x0000000000001000-0x000000000009efff]
[    0.000000]   node   0: [mem 0x0000000000100000-0x000000003ffeffff]
[    0.000000] Initmem setup node 0 [mem 0x0000000000001000-0x000000003ffeffff]
[    0.000000] Using APIC driver default
[    0.000000] ACPI: PM-Timer IO Port: 0x4008
[    0.000000] IOAPIC[0]: apic_id 2, version 17, address 0xfec00000, GSI 0-23
[    0.000000] ACPI: INT_SRC_OVR (bus 0 bus_irq 0 global_irq 2 dfl dfl)
[    0.000000] ACPI: INT_SRC_OVR (bus 0 bus_irq 9 global_irq 9 high level)
[    0.000000] Using ACPI (MADT) for SMP configuration information
[    0.000000] smpboot: Allowing 2 CPUs, 0 hotplug CPUs
[    0.000000] PM: Registered nosave memory: [mem 0x00000000-0x00000fff]
[    0.000000] PM: Registered nosave memory: [mem 0x0009f000-0x0009ffff]
[    0.000000] PM: Registered nosave memory: [mem 0x000a0000-0x000effff]
[    0.000000] PM: Registered nosave memory: [mem 0x000f0000-0x000fffff]
[    0.000000] e820: [mem 0x40000000-0xfffbffff] available for PCI devices
[    0.000000] Booting paravirtualized kernel on KVM
[    0.000000] clocksource: refined-jiffies: mask: 0xffffffff max_cycles: 0xffffffff, max_idle_ns: 7645519600211568 ns
[    0.000000] setup_percpu: NR_CPUS:8 nr_cpumask_bits:8 nr_cpu_ids:2 nr_node_ids:1
[    0.000000] PERCPU: Embedded 19 pages/cpu @f76b0000 s47436 r0 d30388 u77824
[    0.000000] PV qspinlock hash table entries: 512 (order: 0, 4096 bytes)
[    0.000000] Built 1 zonelists in Zone order, mobility grouping on.  Total pages: 259800
[    0.000000] Kernel command line: BOOT_IMAGE=/boot/vmlinuz-4.4.0-78-generic root=LABEL=cloudimg-rootfs ro console=tty1 console=ttyS0
[    0.000000] PID hash table entries: 4096 (order: 2, 16384 bytes)
[    0.000000] Dentry cache hash table entries: 131072 (order: 7, 524288 bytes)
[    0.000000] Inode-cache hash table entries: 65536 (order: 6, 262144 bytes)
[    0.000000] Initializing CPU#0
[    0.000000] Initializing HighMem for node 0 (00037bfe:0003fff0)
[    0.000000] Initializing Movable for node 0 (00000000:00000000)
[    0.000000] Memory: 1012184K/1048120K available (7958K kernel code, 766K rwdata, 3164K rodata, 940K init, 800K bss, 35936K reserved, 0K cma-reserved, 135112K highmem)
[    0.000000] virtual kernel memory layout:
[    0.000000]     fixmap  : 0xfff15000 - 0xfffff000   ( 936 kB)
[    0.000000]     pkmap   : 0xffc00000 - 0xffe00000   (2048 kB)
[    0.000000]     vmalloc : 0xf83fe000 - 0xffbfe000   ( 120 MB)
[    0.000000]     lowmem  : 0xc0000000 - 0xf7bfe000   ( 891 MB)
[    0.000000]       .init : 0xc1b9f000 - 0xc1c8a000   ( 940 kB)
[    0.000000]       .data : 0xc17c5b8b - 0xc1b9db40   (3935 kB)
[    0.000000]       .text : 0xc1000000 - 0xc17c5b8b   (7958 kB)
[    0.000000] Checking if this processor honours the WP bit even in supervisor mode...Ok.
[    0.000000] SLUB: HWalign=64, Order=0-3, MinObjects=0, CPUs=2, Nodes=1
[    0.000000] Hierarchical RCU implementation.
[    0.000000] 	Build-time adjustment of leaf fanout to 32.
[    0.000000] 	RCU restricting CPUs from NR_CPUS=8 to nr_cpu_ids=2.
[    0.000000] RCU: Adjusting geometry for rcu_fanout_leaf=32, nr_cpu_ids=2
[    0.000000] NR_IRQS:2304 nr_irqs:440 16
[    0.000000] Console: colour VGA+ 80x25
[    0.000000] console [tty1] enabled
[    0.000000] console [ttyS0] enabled
[    0.000000] allocated 1048576 bytes of page_ext
[    0.000000] tsc: Detected 2394.456 MHz processor
[    0.190371] Calibrating delay loop (skipped) preset value.. 4788.91 BogoMIPS (lpj=9577824)
[    0.191995] pid_max: default: 32768 minimum: 301
[    0.192883] ACPI: Core revision 20150930
[   0.194604] ACPI: 2 ACPI AML tables successfully acquired and loaded
[    0.209200] Security Framework initialized
[    0.210047] Yama: becoming mindful.
[    0.210774] AppArmor: AppArmor initialized
[    0.211615] Mount-cache hash table entries: 2048 (order: 1, 8192 bytes)
[    0.212758] Mountpoint-cache hash table entries: 2048 (order: 1, 8192 bytes)
[   0.214148] Initializing cgroup subsys io
[    0.228261] Initializing cgroup subsys memory
[    0.229095] Initializing cgroup subsys devices
[    0.229990] Initializing cgroup subsys freezer
[    0.230830] Initializing cgroup subsys net_cls
[    0.231692] Initializing cgroup subsys perf_event
[    0.232588] Initializing cgroup subsys net_prio
[    0.237959] Initializing cgroup subsys hugetlb
[    0.238822] Initializing cgroup subsys pids
[    0.239701] CPU: Physical Processor ID: 0
[    0.240483] CPU: Processor Core ID: 0
[    0.243114] mce: CPU supports 0 MCE banks
[    0.243922] Last level iTLB entries: 4KB 1024, 2MB 1024, 4MB 1024
[    0.244977] Last level dTLB entries: 4KB 1024, 2MB 1024, 4MB 1024, 1GB 4
[    0.248846] Freeing SMP alternatives memory: 28K (c1c8a000 - c1c91000)
[    0.258557] ftrace: allocating 31402 entries in 62 pages
[    0.305096] smpboot: APIC(0) Converting physical 0 to logical package 0
[    0.313245] smpboot: Max logical packages: 1
[    0.314117] Enabling APIC mode:  Flat.  Using 1 I/O APICs
[    0.316324] ..TIMER: vector=0x30 apic1=0 pin1=2 apic2=-1 pin2=-1
[    0.421958] smpboot: CPU0: Intel(R) Core(TM) i5-4210U CPU @ 1.70GHz (family: 0x6, model: 0x45, stepping: 0x1)
[    0.434042] Performance Events: unsupported p6 CPU model 69 no PMU driver, software events only.
[    0.435788] KVM setup paravirtual spinlock
[    0.437304] x86: Booting SMP configuration:
[    0.452804] .... node  #0, CPUs:      #1
[1266874886.363633] Initializing CPU#1
[    0.485546] kvm-clock: cpu 1, msr 0:37bfd041, secondary cpu clock
[    0.491708] mce: CPU supports 0 MCE banks
[    0.494168] x86: Booted up 1 node, 2 CPUs
[    0.500523] smpboot: Total of 2 processors activated (9577.82 BogoMIPS)
[    0.502157] devtmpfs: initialized
[    0.504144] evm: security.selinux
[    0.504831] evm: security.SMACK64
[    0.505544] evm: security.SMACK64EXEC
[    0.506382] evm: security.SMACK64TRANSMUTE
[    0.507194] evm: security.SMACK64MMAP
[    0.508017] evm: security.ima
[    0.514101] evm: security.capability
[    0.516241] clocksource: jiffies: mask: 0xffffffff max_cycles: 0xffffffff, max_idle_ns: 7645041785100000 ns
[    0.519600] futex hash table entries: 512 (order: 3, 32768 bytes)
[    0.520851] pinctrl core: initialized pinctrl subsystem
[    0.523078] RTC time: 14:21:13, date: 07/31/17
[    0.526900] NET: Registered protocol family 16
[    0.531982] EISA bus registered
[    0.546118] cpuidle: using governor ladder
[    0.557521] cpuidle: using governor menu
[    0.559410] PCCT header not found.
[    0.560194] ACPI: bus type PCI registered
[    0.560972] acpiphp: ACPI Hot Plug PCI Controller Driver version: 0.5
[    0.562437] PCI : PCI BIOS area is rw and x. Use pci=nobios if you want it NX.
[    0.567238] PCI: PCI BIOS revision 2.10 entry at 0xfda26, last bus=0
[    0.568626] PCI: Using configuration type 1 for base access
[    0.582669] ACPI: Added _OSI(Module Device)
[    0.592846] ACPI: Added _OSI(Processor Device)
[    0.593739] ACPI: Added _OSI(3.0 _SCP Extensions)
[    0.594651] ACPI: Added _OSI(Processor Aggregator Device)
[    0.596247] ACPI: Executed 1 blocks of module-level executable AML code
[    0.600707] ACPI: Interpreter enabled
[    0.602624] ACPI: (supports S0 S5)
[    0.603320] ACPI: Using IOAPIC for interrupt routing
[    0.604350] PCI: Using host bridge windows from ACPI; if necessary, use "pci=nocrs" and report a bug
[    0.609056] ACPI: PCI Root Bridge [PCI0] (domain 0000 [bus 00-ff])
[    0.611263] acpi PNP0A03:00: _OSC: OS supports [ASPM ClockPM Segments MSI]
[    0.617668] acpi PNP0A03:00: _OSC failed (AE_NOT_FOUND); disabling ASPM
[    0.619886] acpi PNP0A03:00: fail to add MMCONFIG information, can't access extended PCI configuration space under this bridge.
[    0.631884] PCI host bridge to bus 0000:00
[    0.634258] pci_bus 0000:00: root bus resource [io  0x0000-0x0cf7 window]
[    0.635420] pci_bus 0000:00: root bus resource [io  0x0d00-0xffff window]
[    0.636607] pci_bus 0000:00: root bus resource [mem 0x000a0000-0x000bffff window]
[    0.638087] pci_bus 0000:00: root bus resource [mem 0x40000000-0xffdfffff window]
[    0.639543] pci_bus 0000:00: root bus resource [bus 00-ff]
[    0.641686] pci 0000:00:01.1: legacy IDE quirk: reg 0x10: [io  0x01f0-0x01f7]
[    0.643956] pci 0000:00:01.1: legacy IDE quirk: reg 0x14: [io  0x03f6]
[    0.646221] pci 0000:00:01.1: legacy IDE quirk: reg 0x18: [io  0x0170-0x0177]
[    0.647430] pci 0000:00:01.1: legacy IDE quirk: reg 0x1c: [io  0x0376]
[    0.683710] ACPI: PCI Interrupt Link [LNKA] (IRQs 5 9 10 11) *0, disabled.
[    0.697516] ACPI: PCI Interrupt Link [LNKB] (IRQs 5 9 10 *11)
[    0.712182] ACPI: PCI Interrupt Link [LNKC] (IRQs 5 9 *10 11)
[    0.713863] ACPI: PCI Interrupt Link [LNKD] (IRQs 5 *9 10 11)
[    0.716653] ACPI: Enabled 2 GPEs in block 00 to 07
[    0.719257] vgaarb: setting as boot device: PCI:0000:00:02.0
[    0.722829] vgaarb: device added: PCI:0000:00:02.0,decodes=io+mem,owns=io+mem,locks=none
[    0.724362] vgaarb: loaded
[    0.724968] vgaarb: bridge control possible 0000:00:02.0
[    0.726207] SCSI subsystem initialized
[    0.728228] ACPI: bus type USB registered
[    0.730652] usbcore: registered new interface driver usbfs
[    0.731629] usbcore: registered new interface driver hub
[    0.732629] usbcore: registered new device driver usb
[    0.733966] PCI: Using ACPI for IRQ routing
[    0.736115] NetLabel: Initializing
[    0.738480] NetLabel:  domain hash size = 128
[    0.739337] NetLabel:  protocols = UNLABELED CIPSOv4
[    0.740242] NetLabel:  unlabeled traffic allowed by default
[    0.741436] amd_nb: Cannot enumerate AMD northbridges
[    0.744596] clocksource: Switched to clocksource kvm-clock
[    0.753562] AppArmor: AppArmor Filesystem Enabled
[   .773007] pnp: PnP ACPI init
[   0.821482] pnp: PnP ACPI: found 3 devices
[    0.845899] PnPBIOS: Disabled by ACPI PNP

[   0.889204] clocksource: acpi_pm: mask: 0xffffff max_cycles: 0xffffff, max_idle_ns: 2085701024 ns
[   0.914461] NET: Registered protocol family 2

[    0.939002] TCP established hash table entries: 8192 (order: 3, 32768 bytes)
[    0.940335] TCP bind hash table entries: 8192 (order: 4, 65536 bytes)
[    0.941504] TCP: Hash tables configured (establshd 92bid 8192)
[   .0957]UD hash table entries: 512 (order: 2, 16384 bytes)
[    1.232611] UDP-Lite hash table entries: 512 (order: 2, 16384 bytes)
[    1.233741] NET: Registered protocol family 1
[    1.234607] pci 0000:00:00.0: Limiting direct PCI/PCI transfers
[    1.235645] pci 0000:00:01.0: Activating ISA DMA hang workarounds
[   1.237260] Unpacking initramfs...

[    3.212802] Freeing initrd memory: 10760K (f6aec000 - f756e000)
[    3.732902] RAPL PMU detected, API unit is 2^-32 Joules, 4 fixed counters 10737418240 ms ovfl timer
[    4.213459] hw unit of domain pp0-core 2^-0 Joules
[    4.632779] hw unit of domain package 2^-0 Joules
[    5.072734] hw unit of domain dram 2^-0 Joules
[    5.285863] hw unit of domain pp1-gpu 2^-0 Joules
[    5.286934] platform rtc_cmos: registered platform RTC device (no PNP device found)
[    5.288531] Scanning for low memory corruption every 60 seconds
[    5.290099] audit: initializing netlink subsys (disabled)
[    5.291136] audit: type=2000 audit(1501510882.945:1): initialized
[    5.292450] Initialise system trusted keyring
[    5.293555] HugeTLB registered 2 MB page size, pre-allocated 0 pages
[    5.303124] zbud: loaded
[    5.345151] VFS: Disk quotas dquot_6.6.0
[    5.420919] VFS: Dquot-cache hash tablenries: 1024 (order 0, 4096 bytes)
[  5740]quhf vsi 4 (091/) hiipouer
[    6.557113] tsc: Refined TSC clocksource calibration: 2394.540 MHz
[    6.823895] clocksource: tsc: mask: 0xffffffffffffffff max_cycles: 0x2284119d9db, max_idle_ns: 440795209768 ns
[    6.824231] fuse init (API version 7.23)
[    6.824367] Key type big_key registered
[    6.824385] Allocating IMA MOK and blacklist keyrings.
[    6.824610] Key type asymmetric registered
[    6.824618] Asymmetric key parser 'x509' registered
[    6.824655] bounce: pool size: 64 pages
[    6.824721] Block layer SCSI generic (bsg) driver version 0.4 loaded (major 249)
[    6.824749] io scheduler noop registered
[    6.824752] io scheduler deadline registered (default)
[    6.824786] io scheduler cfq registered
[    6.824903] pci_hotplug: PCI Hot Plug PCI Core version: 0.5
[    6.824911] pciehp: PCI Express Hot Plug Controller Driver version: 0.4
[    6.825076] ACPI: AC Adapter [AC] (on-line)
[    6.825155] input: Power Button as /devices/LNXSYSTM:00/LNXPWRBN:00/input/input0
[    6.825160] ACPI: Power Button [PWRF]
[    6.825249] input: Sleep Button as /devices/LNXSYSTM:00/LNXSLPBN:00/input/input1
[    6.825251] ACPI: Sleep Button [SLPF]
[    6.825445] GHES: HEST is not enabled!
[    6.826250] ACPI: Battery Slot [BAT0] (battery present)
[    6.826278] isapnp: Scanning for PnP cards...
[    6.831828] Serial: 8250/16550 driver, 32 ports, IRQ sharing enabled
[    6.873873] 00:02: ttyS0 at I/O 0x3f8 (irq = 4, base_baud = 115200) is a 16550A
[    7.263256] Linux agpgart interface v0.103
[    7.457685] loop: module loaded
[    7.484887] scsi host0: ata_piix
[    7.506922] isapnp: No Plug & Play device found
[    7.509802] scsi host1: ata_piix
[    7.511608] ata1: PATA max UDMA/33 cmd 0x1f0 ctl 0x3f6 bmdma 0xd000 irq 14
[    7.512853] ata2: PATA max UDMA/33 cmd 0x170 ctl 0x376 bmdma 0xd008 irq 15
[    7.514528] libphy: Fixed MDIO Bus: probed
[    7.517385] tun: Universal TUN/TAP device driver, 1.6
[    7.518308] tun: (C) 1999-2004 Max Krasnyansky <maxk@qualcomm.com>
[    7.519391] PPP generic driver version 2.4.2
[    7.520271] ehci_hcd: USB 2.0 'Enhanced' Host Controller (EHCI) Driver
[    7.521416] ehci-pci: EHCI PCI platform driver
[    7.522296] ehci-platform: EHCI generic platform driver
[    7.523237] ohci_hcd: USB 1.1 'Open' Host Controller (OHCI) Driver
[    7.524275] ohci-pci: OHCI PCI platform driver
[    7.525125] ohci-platform: OHCI generic platform driver
[    7.526070] uhci_hcd: USB Universal Host Controller Interface driver
[    7.527795] i8042: PNP: PS/2 Controller [PNP0303:PS2K,PNP0f03:PS2M] at 0x60,0x64 irq 1,12
[   7.530728] serio: i8042 KBD port at 0x60,0x64 irq 1
[    7.555271] serio: i8042 AUX port at 0x60,0x64 irq 12
[    7.556275] mousedev: PS/2 mouse device common for all mice
[   7.557512] input: AT Translated Set 2 keyboard as /devices/platform/i8042/serio0/input/input2

[    7.583036] rtc_cmos rtc_cmos: rtc core: registered rtc_cmos as rtc0
[    7.584156] rtc_cmos rtc_cmos: alarms up to one day, 114 bytes nvram
[    7.585300] i2c /dev entries driver
[    7.586072] device-mapper: uevent: version 1.0.3
[    7.587056] device-mapper: ioctl: 4.34.0-ioctl (2015-10-28) initialised: dm-devel@redhat.com
[    7.588637] platform eisa.0: Probing EISA bus 0
[    7.589538] platform eisa.0: EISA: Cannot allocate resource for mainboard
[    7.590682] platform eisa.0: Cannot allocate resource for EISA slot 1
[    7.591754] platform eisa.0: Cannot allocate resource for EISA slot 2
[    7.592923] platform eisa.0: Cannot allocate resource for EISA slot 3
[    7.594011] platform eisa.0: Cannot allocate resource for EISA slot 4
[    7.595111] platform eisa.0: Cannot allocate resource for EISA slot 5
[    7.596181] platform eisa.0: Cannot allocate resource for EISA slot 6
[    7.597336] platform eisa.0: Cannot allocate resource for EISA slot 7
[    7.598455] platform eisa.0: Cannot allocate resource for EISA slot 8
[    7.599526] platform eisa.0: EISA: Detected 0 cards
[    7.600416] cpufreq-nforce2: No nForce2 chipset.
[    7.601358] ledtrig-cpu: registered to indicate activity on CPUs
[    7.602863] NET: Registered protocol family 10
[    7.605747] NET: Registered protocol family 17
[    7.610615] Key type dns_resolver registered
[   7.613378] microcode: CPU0 sig=0x40651, pf=0x40, revision=0x0

[    7.638035] microcode: CPU1 sig=0x40651, pf=0x40, revision=0x0
[    7.639080] microcode: Microcode Update Driver: v2.01 <tigran@aivazian.fsnet.co.uk>, Peter Oruba
[    7.640745] Using IPI No-Shortcut mode
[    7.641618] registered taskstats version 1
[    7.642473] Loading compiled-in X.509 certificates
[    7.645816] Loaded X.509 cert 'Build time autogenerated kernel key: 7f7b4bf893129cf83296a565b7f3c803766a0f60'
[    7.647659] zswap: loaded using pool lzo/zbud
[    7.766964] Key type trusted registered
[    7.874589] Key type encrypted registered
[    7.983763] AppArmor: AppArmor sha1 policy hashing enabled
[    8.112386] ima: No TPM chip found, activating TPM-bypass!
[    8.243290] evm: HMAC attrs: 0x1
[    8.309412]   Magic number: 9:643:385
[    8.313194] thermal cooling_device0: hash matches
[    8.314141] rtc_cmos rtc_cmos: setting system clock to 2017-07-31 14:21:21 UTC (1501510881)
[    8.481800] BIOS EDD facility v0.16 2004-Jun-25, 0 devices found
[    8.581171] EDD information not available.
[    8.582523] Freeing unused kernel memory: 940K (c1b9f000 - c1c8a000)
[    8.614568] Write protecting the kernel text: 7960k
[    8.726907] Write protecting the kernel read-only data: 3168k
[    8.880455] NX-protecting the kernel data: 6376k
Loading, please [    9.028374] random: systemd-udevd: uninitialized urandom read (16 bytes read, 0 bits of entropy available)
wait...
startin[    9.029115] random: udevadm: uninitialized urandom read (16 bytes read, 0 bits of entropy available)
g version 229
[    9.029158] random: udevadm: uninitialized urandom read (16 bytes read, 0 bits of entropy available)
[    9.029303] random: udevadm: uninitialized urandom read (16 bytes read, 0 bits of entropy available)
[    9.029362] random: udevadm: uninitialized urandom read (16 bytes read, 0 bits of entropy available)
[    9.029412] random: udevadm: uninitialized urandom read (16 bytes read, 0 bits of entropy available)
[    9.029468] random: udevadm: uninitialized urandom read (16 bytes read, 0 bits of entropy available)
[    9.029520] random: udevadm: uninitialized urandom read (16 bytes read, 0 bits of entropy available)
[    9.029570] random: udevadm: uninitialized urandom read (16 bytes read, 0 bits of entropy available)
[    9.029623] random: udevadm: uninitialized urandom read (16 bytes read, 0 bits of entropy available)
[   10.624858] e1000: Intel(R) PRO/1000 Network Driver - version 7.3.21-k8-NAPI
[   10.673785] e1000: Copyright (c) 1999-2006 Intel Corporation.
[   10.682809] Fusion MPT base driver 3.04.20
[   10.782818] Copyright (c) 1999-2008 LSI Corporation
[   10.801322] Fusion MPT SPI Host driver 3.04.20
[   11.129010] input: ImExPS/2 Generic Explorer Mouse as /devices/platform/i8042/serio1/input/input4
[   11.255774] e1000 0000:00:03.0 eth0: (PCI:33MHz:32-bit) 02:fd:e7:c7:61:b9
[   11.262255] e1000 0000:00:03.0 eth0: Intel(R) PRO/1000 Network Connection
[   11.266720] mptbase: ioc0: Initiating bringup
[   11.270098] e1000 0000:00:03.0 enp0s3: renamed from eth0
[   11.453856] ioc0: LSI53C1030 A0: Capabilities={Initiator}
[   11.874439] scsi host2: ioc0: LSI53C1030 A0, FwRev=00000000h, Ports=1, MaxQ=256, IRQ=20
[   12.023481] scsi 2:0:0:0: Direct-Access     VBOX     HARDDISK         1.0  PQ: 0 ANSI: 5
[   12.413546] scsi target2:0:0: Beginning Domain Validation
[   12.416143] scsi target2:0:0: Domain Validation skipping write tests
[   12.418371] scsi target2:0:0: Ending Domain Validation
[   12.423512] scsi target2:0:0: asynchronous
[   12.424837] scsi 2:0:1:0: Direct-Access     VBOX     HARDDISK         1.0  PQ: 0 ANSI: 5
[   12.434066] scsi target2:0:1: Beginning Domain Validation
[   12.441053] scsi target2:0:1: Domain Validation skipping write tests
[   12.673224] scsi target2:0:1: Ending Domain Validation
[   12.733564] scsi target2:0:1: asynchronous
[   12.921284] sd 2:0:0:0: [sda] 20971520 512-byte logical blocks: (10.7 GB/10.0 GiB)
[   12.924149] sd 2:0:0:0: Attached scsi generic sg0 type 0
[   12.926312] sd 2:0:0:0: [sda] Write Protect is off
[   12.932468] sd 2:0:0:0: [sda] Incomplete mode parameter data
[   12.932476] sd 2:0:1:0: [sdb] 20480 512-byte logical blocks: (10.5 MB/10.0 MiB)
[   12.932636] sd 2:0:1:0: Attached scsi generic sg1 type 0
[   12.941254] sd 2:0:0:0: [sda] Assuming drive cache: write through
[   12.942551] sd 2:0:1:0: [sdb] Write Protect is off
[   13.151458] sd 2:0:1:0: [sdb] Incomplete mode parameter data
[   13.165756]  sda: sda1
[   13.194069] sd 2:0:1:0: [sdb] Assuming drive cache: write through
[   13.195666] sd 2:0:0:0: [sda] Attached SCSI disk
[   13.233245] sd 2:0:1:0: [sdb] Attached SCSI disk
[   13.957018] floppy0: no floppy controllers found
Begin: Loading e[   15.467670] md: linear personality registered for level -1
ssential drivers ... [   15.494733] md: multipath personality registered for level -4
[   15.518389] md: raid0 personality registered for level 0
[   15.526939] md: raid1 personality registered for level 1
[   15.608643] raid6: mmxx1    gen()  5012 MB/s
[   15.680648] raid6: mmxx2    gen()  5221 MB/s
[   15.752657] raid6: sse1x1   gen()  4307 MB/s
[   15.828650] raid6: sse1x2   gen()  5270 MB/s
[   15.900646] raid6: sse2x1   gen()  8666 MB/s
[   15.968649] raid6: sse2x1   xor()  5966 MB/s
[   16.068646] raid6: sse2x2   gen() 10637 MB/s
[   16.144643] raid6: sse2x2   xor()  6964 MB/s
[   16.150523] raid6: using algorithm sse2x2 gen() 10637 MB/s
[   16.151525] raid6: .... xor() 6964 MB/s, rmw enabled
[   16.152424] raid6: using ssse3x1 recovery algorithm
[   16.157674] xor: automatically using best checksumming function:
[   16.220746]    avx       : 19509.000 MB/sec
[   16.396772] async_tx: api initialized (async)
[   16.421033] md: raid6 personality registered for level 6
[   16.429404] md: raid5 personality registered for level 5
[   16.430390] md: raid4 personality registered for level 4
[   16.440450] md: raid10 personality registered for level 10
done.
Begin: Running /scripts/init-premount ... done.
Begin: Mounting root file system ... Begin: Running /scripts/local-top ... done.
Begin: Running /scripts/local-premount ... [   16.511665] Btrfs loaded
Scanning for Btrfs filesystems
done.
Warning: fsck no[   16.621231] EXT4-fs (sda1): INFO: recovery required on readonly filesystem
t present, so sk[   16.801883] EXT4-fs (sda1): write access will be enabled during recovery
ipping root file system
[   17.132750] EXT4-fs (sda1): recovery complete
[   17.378070] EXT4-fs (sda1): mounted filesystem with ordered data mode. Opts: (null)
done.
Begin: Running /scripts/local-bottom ... done.
Begin: Running /scripts/init-bottom ... done.
[   18.417598] random: nonblocking pool is initialized
[   18.566732] systemd[1]: systemd 229 running in system mode. (+PAM +AUDIT +SELINUX +IMA +APPARMOR +SMACK +SYSVINIT +UTMP +LIBCRYPTSETUP +GCRYPT +GNUTLS +ACL +XZ -LZ4 +SECCOMP +BLKID +ELFUTILS +KMOD -IDN)
[   18.575311] systemd[1]: Detected virtualization oracle.
[   18.578708] systemd[1]: Detected architecture x86.

Welcome to [1mUbuntu 16.04.2 LTS[0m!

[   18.610767] systemd[1]: Set hostname to <ubuntu-xenial>.
[  19.930785] systemd[1]: Listening on Syslog Socket.
[[0;32m  OK  [0m] Listening on Syslog Socket.
[   20.084671] systemd[1]: Listening on Device-mapper event daemon FIFOs.
[[0;32m  OK  [0m] Listening on Device-mapper event daemon FIFOs.
[   20.086942] systemd[1]: Started Trigger resolvconf update for networkd DNS.
[[0;32m  OK  [0m] Started Trigger resolvconf update for networkd DNS.
[   20.089274] systemd[1]: Reached target Swap.
[[0;32m  OK  [0m] Reached target Swap.
[ 20.223222] sysem[1]: Listening on udev Control Socket.
[[0;32m  OK  [0m] Listening on udev Control Socket.
[  20.325976] systemd[1]: Listening on LVM2 poll daemon socket.
[[0;32m  OK  [0m] Listening on LVM2 poll daemon socket.
[  2.351740] systemd[1]: Listening on Journal Socket (/dev/log).
[[0;32m  OK  [0m] Listening on Journal Socket (/dev/log).
[  20.401218] systemd[1]: Listening on Journal Socket.
[[0;32m  OK  [0m] Listening on Journal Socket.
[   20.426853] systed[1]: Lienng on Journal Aut ck. [[0;32m  OK  [0m] Listening on Journal Audit Socket.
[   21.006 sstem1]Lienng on dev Kernel Socket.
[[0;32m  OK  [0m] Listening on udev Kernel Socket.
[ 21543418] systemd[1]: ard rwd ssord Rees tWa Decryat.
[[0;32m  OK  [0m] Started Forward Password Requests to Wall Directory Watch.
[   22.434849] systemd[1]: Listening on /dev/initctl Compatibility Named Pipe.
[[0;32m  OK  [0m] Listening on /dev/initctl Compatibility Named Pipe.
[   22.451810] systemd[1]: Reached target Encrypted Volumes.
[[0;32m  OK  [0m] Reached target Encrypted Volumes.
[  22.463707] systemd[1]: Created slice User and Session Slice.
[[0;32m  OK  [0m] Created slice User and Session Slice.
[   22.492105] systemd[1]: Reached target User and Group Name Lookups.
[[0;32m  OK  [0m] Reached target User and Group Name Lookups.
[  2.494523] systemd[1]: Set up automount Arbitrary Executable File Formats File System Automount Point.
[[0;32m  OK  [0m] Set up automount Arbitrary Executab...ats File System Automount Point.
[  22.545039] systemd[1]: Created slice System Slice.
[[0;32m  OK  [0m] Created slice System Slice.
[  2.570595] systemd[1]: Reached target Slices.
[[0;32m  OK  [0m] Reached target Slices.
[   22.643712] systemd[1]: Created slice system-postgresql.slice.
[[0;32m  OK  [0m] Created slice system-postgresql.slice.
[   22.664788] systemd[1]: Mounting POSIX Message Queue File System...
         Mounting POSIX Message Queue File System...
[   22.669941] systemd[1]: Created slice system-serial\x2dgetty.slice.
[[0;32m  OK  [0m] Created slice system-serial\x2dgetty.slice.
[   22.676786] systemd[1]: Starting Nameserver information manager...
         Starting Nameserver information manager...
[   22.682559] systemd[1]: Starting Create list of required static device nodes for the current kernel...
         Starting Create list of required st... nodes for the current kernel...
[   22.694998] systemd[1]: Starting Uncomplicated firewall...
         Starting Uncomplicated firewall...
[   22.737108] systemd[1]: Starting Set console keymap...
         Starting Set console keymap...
[   22.747423] systemd[1]: Starting Remount Root and Kernel File Systems...
         Starting Remount Root and Kernel File Systems...
[   22.757801] systemd[1]: Starting Journal Service...
         Starting Journal Service...
[   22.773760] systemd[1]: Mounting Debug File System...
         Mounting Debug File System...
[   22.889160] systemd[1]: Starting Load Kernel Modules...
         Starting Load Kernel Modules...
[   23.093040] systemd[1]: Mounting Huge Pages File System...
         Mounting Huge Pages File System...
[   23.259550] systemd[1]: Listening on LVM2 metadata daemon socket.
[[0;32m  OK  [0m] Listening on LVM2 metadata daemon socket.
[   23.262778] systemd[1]: Starting Monitoring of LVM2 mirrors, snapshots etc. using dmeventd or progress polling...
         Starting Monitoring of LVM2 mirrors... dmeventd or progress polling...
[   23.268102] systemd[1]: Started Create list of required static device nodes for the current kernel.
[[   23.397272] EXT4-fs (sda1): re-mounted. Opts: (null)
[0;32m  OK  [0m] Started Create list of required sta...ce nodes for the current kernel.
[   23.422216] systemd[1]: Mounted POSIX Message Queue File System.
[[0;32m  OK  [0m] Mounted POSIX Message Queue File System.
[   23.514488] systemd[1]: Started Uncomplicated firewall.
[[0;32m  OK  [[   23.525072] Loading iSCSI transport class v2.0-870.
0m] Started Uncomplicated firewall.
[   23.633936] systemd[1]: Started Remount Root and Kernel File Systems.
[[0;32m  OK  [0m] Started Remount Root and Kernel File Systems.
[   23.653263] systemd[1]: Mounted Debug File System.
[[0;32m  OK  [0m] Mounted Debug File System.
[   23.817217] systemd[1]: Mounted Huge Pages File System.
[   23.957758] iscsi: registered transport (tcp)
[[0;32m  OK  [0m] Mounted Huge Pages File System.
[   24.121137] systemd[1]: Started Nameserver information manager.
[[0;32m  OK  [0m] Started Nameserver information manager.
[   24.339952] systemd[1]: Started Set console keymap.
[[0;32m  OK  [0m] Started Set console keymap.
[   24.343540] systemd[1]: Started Journal Service.
[[0;32m  OK  [0m] Started Journal Service.
[   24.562400] iscsi: registered transport (iser)
[[0;32m  OK  [0m] Started LVM2 metadata daemon.
         Starting Flush Journal to Persistent Storage...
         Starting udev Coldplug all Devices...
         Starting Load/Save Random Seed...
         Starting Initial cloud-init job (pre-networking)...
         Starting Create Static Device Nodes in /dev...
[[0;32m  OK  [0m] Started Load Kernel Modules.
         Mounting FUSE Control File System...
         Starting Apply Kernel Variables...
[[0;32m  OK  [0m] Mounted FUSE Control File System.
[   24.956323] systemd-journald[387]: Received request to flush runtime journal from PID 1
[[0;32m  OK  [0m] Started udev Coldplug all Devices.
[[0;32m  OK  [0m] Started Load/Save Random Seed.
[[0;32m  OK  [0m] Started Flush Journal to Persistent Storage.
[[0;32m  OK  [0m] Started Apply Kernel Variables.
[[0;32m  OK  [0m] Started Monitoring of LVM2 mirrors,...ng dmeventd or progress polling.
[[0;32m  OK  [0m] Started Create Static Device Nodes in /dev.
         Starting udev Kernel Device Manager...
[[0;32m  OK  [0m] Started udev Kernel Device Manager.
[[0;32m  OK  [0m] Started Dispatch Password Requests to Console Directory Watch.
[[0;32m  OK  [0m] Reached target Local File Systems (Pre).
[[0;32m  OK  [0m] Reached target Local File Systems.
         Starting Set console font and keymap...
         Starting Create Volatile Files and Directories...
         Starting Tell Plymouth To Write Out Runtime Data...
         Starting LSB: AppArmor initialization...
[[0;32m  OK  [0m] Started Create Volatile Files and Directories.
[[0;32m  OK  [0m] Started Tell Plymouth To Write Out Runtime Data.
[[0;32m  OK  [0m] Found device /dev/ttyS0.
[[0;32m  OK  [0m] Reached target System Time Synchronized.
         Starting Update UTMP about System Boot/Shutdown...
[[0;32m  OK  [0m] Started Update UTMP about System Boot/Shutdown.
[[0;32m  OK  [0m] Found device 82540EM Gigabit Ethern...r (PRO/1000 MT Desktop Adapter).
[[0;32m  OK  [0m] Started Set console font and keymap.
[[0;32m  OK  [0m] Created slice system-getty.slice.
[[0;32m  OK  [0m] Listening on Load/Save RF Kill Switch Status /dev/rfkill Watch.
[[0;32m  OK  [0m] Started LSB: AppArmor initialization.
[   30.920843] cloud-init[454]: Cloud-init v. 0.7.9 running 'init-local' at Mon, 31 Jul 2017 14:21:43 +0000. Up 30.29 seconds.
[[0;32m  OK  [0m] Started Initial cloud-init job (pre-networking).
[[0;32m  OK  [0m] Reached target Network (Pre).
         Starting Raise network interfaces...
[[0;32m  OK  [0m] Started ifup for enp0s3.
[[0;32m  OK  [0m] Started Raise network interfaces.
         Starting Initial cloud-init job (metadata service crawler)...
[[0;32m  OK  [0m] Reached target Network.
[   32.399685] cloud-init[965]: Cloud-init v. 0.7.9 running 'init' at Mon, 31 Jul 2017 14:21:45 +0000. Up 31.75 seconds.
[   32.469410] [cloud-init[0;32m  OK  [0m[965]: ] ci-info: +++++++++++++++++++++++++++++++++++++Net device info++++++++++++++++++++++++++++++++++++++Started Initial cloud-init job (metadata service crawler).

[   32.469830] cloud-init[965]: ci-info: +--------+------+----------------------------+---------------+-------+-------------------+
[   32.476908] [cloud-init[0;32m  OK  [0m[965]: ] ci-info: | Device |  Up  |          Address           |      Mask     | Scope |     Hw-Address    |Reached target Cloud-config availability.

[   32.477378] [cloud-init[0;32m  OK  [0m[965]: ] ci-info: +--------+------+----------------------------+---------------+-------+-------------------+Reached target System Initialization.

[   32.481457] [cloud-init[0;32m  OK  [0m[965]: ] ci-info: |   lo   | True |         127.0.0.1          |   255.0.0.0   |   .   |         .         |Listening on D-Bus System Message Bus Socket.

[   32.485504] cloud-init[965]: ci-info: |   lo   | True |          ::1/128           |       .       |  host |         .         |
[   32.493867] cloud-init[965]: ci-info: | enp0s3 | True |         10.0.2.15          | 255.255.255.0 |   .   | 02:fd:e7:c7:61:b9 |
[   32.497913] cloud-init[965]: ci-info: | enp0s3 | True | fe80::fd:e7ff:fec7:61b9/64 |       .       |  link | 02:fd:e7:c7:61:b9 |
[   32.500972] cloud-init[965]: ci-info: +--------+------+----------------------------+---------------+-------+-------------------+
[   32.505961] cloud-init[965]: ci-info: +++++++++++++++++++++++++++Route IPv4 info++++++++++++++++++++++++++++
[   32.513955] [cloud-init[0;32m  OK  [0m[965]: ] ci-info: +-------+-------------+----------+---------------+-----------+-------+Started Timer to automatically refresh installed snaps.

[   32.514399]          cloud-initStarting LXD - unix socket.[965]: 
ci-info: | Route | Destination | Gateway  |    Genmask    | Interface | Flags |
[   32.521044] cloud-init[965]: ci-info: +-------+-------------+----------+---------------+-----------+-------+
[   32.525517] cloud-init[965]: ci-info: |   0   |   0.0.0.0   | 10.0.2.2 |    0.0.0.0    |   enp0s3  |   UG  |
[   32.529532] cloud-init[965]: ci-info: |   1   |   10.0.2.0  | 0.0.0.0  | 255.255.255.0 |   enp0s3  |   U   |
[   32.536976] [cloud-init[0;32m  OK  [0m[965]: ] ci-info: +-------+-------------+----------+---------------+-----------+-------+Started ACPI Events Check.

[[0;32m  OK  [0m] Reached target Paths.
[[0;32m  OK  [0m] Listening on ACPID Listen Socket.
[[0;32m  OK  [0m] Started Daily Cleanup of Temporary Directories.
         Starting Socket activation for snappy daemon.
[[0;32m  OK  [0m] Started Daily apt activities.
[[0;32m  OK  [0m] Reached target Timers.
[[0;32m  OK  [0m] Listening on UUID daemon activation socket.
[[0;32m  OK  [0m] Reached target Network is Online.
         Starting iSCSI initiator daemon (iscsid)...
[[0;32m  OK  [0m] Listening on LXD - unix socket.
[[0;32m  OK  [0m] Listening on Socket activation for snappy daemon.
[[0;32m  OK  [0m] Started iSCSI initiator daemon (iscsid).
         Starting Login to default iSCSI targets...
[[0;32m  OK  [0m] Reached target Sockets.
[[0;32m  OK  [0m] Reached target Basic System.
[[0;32m  OK  [0m] Started D-Bus System Message Bus.
         Starting /etc/rc.local Compatibility...
[[0;32m  OK  [0m] Started Unattended Upgrades Shutdown.
         Starting LSB: MD monitoring daemon...
         Starting Apply the settings specified in cloud-config...
         Starting Login Service...
         Starting PostgreSQL Cluster 9.5-main...
[[0;32m  OK  [0m] Started Snappy daemon.
         Starting LXD - container startup/shutdown...
[[0;32m  OK  [0m] Started Deferred execution scheduler.
[[0;32m  OK  [0m] Started FUSE filesystem for LXC.
         Starting OpenBSD Secure Shell server...
         Starting Accounts Service...
         Starting Auto import assertions from block devices...
         Starting System Logging Service...
[[0;32m  OK  [0m] Started Regular background program processing daemon.
[[0;32m  OK  [0m] Started ACPI event daemon.
         Starting LSB: Record successful boot for GRUB...
[[0;32m  OK  [0m] Started /etc/rc.local Compatibility.
[[0;32m  OK  [0m] Started Auto import assertions from block devices.
[[0;32m  OK  [0m] Started Login Service.
[[0;32m  OK  [0m] Started Login to default iSCSI targets.
[[0;32m  OK  [0m] Reached target Remote File Systems (Pre).
[[0;32m  OK  [0m] Reached target Remote File Systems.
         Starting Permit User Sessions...
         Starting LSB: automatic crash report generation...
         Starting LSB: Set the CPU Frequency Scaling governor to "ondemand"...
         Starting LSB: daemon to balance interrupts for SMP systems...
         Starting LSB: VirtualBox Linux Additions...
         Starting LSB: Start/stop sysstat's sadc...
[[0;32m  OK  [0m] Started Permit User Sessions.
[[0;32m  OK  [0m] Started LSB: Record successful boot for GRUB.
         Starting Terminate Plymouth Boot Screen...
         Starting Hold until boot process finishes up...
[[0;32m  OK  [0m] Started LSB: Set the CPU Frequency Scaling governor to "ondemand".
[[0;32m  OK  [0m] Started Terminate Plymouth Boot Screen.
[[0;32m  OK  [0m] Started Hold until boot process finishes up.
[[0;32m  OK  [0m] Started Getty on tty1.
         Starting Set console scheme...
[[0;32m  OK  [0m] Started Serial Getty on ttyS0.
[[0;32m  OK  [0m] Reached target Login Prompts.
[   34.393125] cloud-init[1033]: Cloud-init v. 0.7.9 running 'modules:config' at Mon, 31 Jul 2017 14:21:47 +0000. Up 33.62 seconds.
[[0;32m  OK  [0m] Started Apply the settings specified in cloud-config.
[[0;32m  OK  [0m] Started LSB: MD monitoring daemon.
[[0;32m  OK  [0m] Started Set console scheme.
[[0;32m  OK  [0m] Started System Logging Service.
[[0;32m  OK  [0m] Started LSB: daemon to balance interrupts for SMP systems.
[[0;32m  OK  [0m] Started LSB: Start/stop sysstat's sadc.
[[0;32m  OK  [0m] Started LSB: automatic crash report generation.
[[0;32m  OK  [0m] Started OpenBSD Secure Shell server.
[[0;32m  OK  [0m] Started LSB: VirtualBox Linux Additions.
         Starting Authenticate and Authorize Users to Run Privileged Tasks...
[[0;32m  OK  [0m] Started Authenticate and Authorize Users to Run Privileged Tasks.
[[0;32m  OK  [0m] Started Accounts Service.
[[0;32m  OK  [0m] Started LXD - container startup/shutdown.
[[0;32m  OK  [0m] Created slice User Slice of ubuntu.
         Starting User Manager for UID 1000...
[[0;32m  OK  [0m] Started Session 1 of user ubuntu.
[[0;32m  OK  [0m] Started User Manager for UID 1000.

Ubuntu 16.04.2 LTS ubuntu-xenial ttyS0

ubuntu-xenial login: [   41.314844] cloud-init[1376]: Cloud-init v. 0.7.9 running 'modules:final' at Mon, 31 Jul 2017 14:21:54 +0000. Up 41.17 seconds.
[   41.315291] cloud-init[1376]: Cloud-init v. 0.7.9 finished at Mon, 31 Jul 2017 14:21:54 +0000. Datasource DataSourceNoCloud [seed=/dev/sdb][dsmode=net].  Up 41.30 seconds
